<?xml version="1.0" encoding="UTF-8"?>
<!-- Generated by org.testng.reporters.JUnitReportReporter -->
<testsuite hostname="DESKTOP-JDGAKKE" failures="0" tests="1" name="taptastytestmenu.AddMoreProductsToCartAndDeleteAllTest" time="19.090" errors="0" timestamp="2024-03-21T20:20:47 EET" skipped="0">
  <testcase classname="taptastytestmenu.AddMoreProductsToCartAndDeleteAllTest" name="addMoreProductsToCartAndDeleteAll" time="19.090"/>
</testsuite> <!-- taptastytestmenu.AddMoreProductsToCartAndDeleteAllTest -->
