<?xml version="1.0" encoding="UTF-8"?>
<!-- Generated by org.testng.reporters.JUnitReportReporter -->
<testsuite hostname="DESKTOP-JDGAKKE" failures="0" tests="1" name="taptastytestcont.FavoriteOrdersTest" time="7.105" errors="0" timestamp="2024-03-14T20:15:00 EET" skipped="0">
  <testcase classname="taptastytestcont.FavoriteOrdersTest" name="myCards" time="7.105"/>
</testsuite> <!-- taptastytestcont.FavoriteOrdersTest -->
