<?xml version="1.0" encoding="UTF-8"?>
<!-- Generated by org.testng.reporters.JUnitReportReporter -->
<testsuite hostname="DESKTOP-JDGAKKE" failures="0" tests="1" name="taptastytestmenu.AddMoreInformationToOrderTest" time="16.439" errors="0" timestamp="2024-03-20T18:25:31 EET" skipped="0">
  <testcase classname="taptastytestmenu.AddMoreInformationToOrderTest" name="addMoreInformationToOrder" time="16.439"/>
</testsuite> <!-- taptastytestmenu.AddMoreInformationToOrderTest -->
