<?xml version="1.0" encoding="UTF-8"?>
<!-- Generated by org.testng.reporters.JUnitReportReporter -->
<testsuite hostname="DESKTOP-JDGAKKE" failures="0" tests="1" name="taptastytestmenu.AddTipToOrderTest" time="12.829" errors="0" timestamp="2024-03-20T17:47:52 EET" skipped="0">
  <testcase classname="taptastytestmenu.AddTipToOrderTest" name="addTipOrder" time="12.829"/>
</testsuite> <!-- taptastytestmenu.AddTipToOrderTest -->
