<?xml version="1.0" encoding="UTF-8"?>
<!-- Generated by org.testng.reporters.JUnitReportReporter -->
<testsuite hostname="DESKTOP-JDGAKKE" failures="0" tests="1" name="taptastytestmenu.OrderForACompanyTest" time="12.899" errors="0" timestamp="2024-03-25T16:30:50 EET" skipped="0">
  <testcase classname="taptastytestmenu.OrderForACompanyTest" name="orderForACompany" time="12.899"/>
</testsuite> <!-- taptastytestmenu.OrderForACompanyTest -->
