<?xml version="1.0" encoding="UTF-8"?>
<!-- Generated by org.testng.reporters.JUnitReportReporter -->
<testsuite hostname="DESKTOP-JDGAKKE" failures="0" tests="1" name="taptastytestmenu.AddAProductToCartTest" time="20.394" errors="0" timestamp="2024-03-18T15:39:28 EET" skipped="0">
  <testcase classname="taptastytestmenu.AddAProductToCartTest" name="addToCart" time="20.394"/>
</testsuite> <!-- taptastytestmenu.AddAProductToCartTest -->
