<?xml version="1.0" encoding="UTF-8"?>
<!-- Generated by org.testng.reporters.JUnitReportReporter -->
<testsuite hostname="DESKTOP-JDGAKKE" failures="0" tests="1" name="taptastytests.LoginPageTest" time="3.374" errors="0" timestamp="2024-03-11T16:49:35 EET" skipped="0">
  <testcase classname="taptastytests.LoginPageTest" name="loginPage" time="3.374"/>
</testsuite> <!-- taptastytests.LoginPageTest -->
