<?xml version="1.0" encoding="UTF-8"?>
<!-- Generated by org.testng.reporters.JUnitReportReporter -->
<testsuite hostname="DESKTOP-JDGAKKE" failures="0" tests="1" name="taptastytestcont.AddAddressManualTest" time="7.519" errors="0" timestamp="2024-03-14T18:25:58 EET" skipped="0">
  <testcase classname="taptastytestcont.AddAddressManualTest" name="addressManual" time="7.519"/>
</testsuite> <!-- taptastytestcont.AddAddressManualTest -->
