<?xml version="1.0" encoding="UTF-8"?>
<!-- Generated by org.testng.reporters.JUnitReportReporter -->
<testsuite hostname="DESKTOP-JDGAKKE" failures="0" tests="1" name="taptastytestmenu.CheckThePriceBeforeOrderTest" time="24.196" errors="0" timestamp="2024-03-21T22:27:35 EET" skipped="0">
  <testcase classname="taptastytestmenu.CheckThePriceBeforeOrderTest" name="checkThePriceBeforeOrder" time="24.196"/>
</testsuite> <!-- taptastytestmenu.CheckThePriceBeforeOrderTest -->
