<?xml version="1.0" encoding="UTF-8"?>
<!-- Generated by org.testng.reporters.JUnitReportReporter -->
<testsuite hostname="DESKTOP-JDGAKKE" failures="0" tests="1" name="taptastytestfooter.LinkToAndroidAppTest" time="4.772" errors="0" timestamp="2024-03-27T16:20:19 EET" skipped="0">
  <testcase classname="taptastytestfooter.LinkToAndroidAppTest" name="linkToAndroidApp" time="4.772"/>
</testsuite> <!-- taptastytestfooter.LinkToAndroidAppTest -->
