<?xml version="1.0" encoding="UTF-8"?>
<!-- Generated by org.testng.reporters.JUnitReportReporter -->
<testsuite hostname="TRANSLATR-V2" failures="0" tests="1" name="tests.Test_scrie_ne" time="40.391" errors="0" timestamp="2024-03-19T00:37:35 EET" skipped="0">
  <testcase classname="tests.Test_scrie_ne" name="fisa_test" time="40.391"/>
</testsuite> <!-- tests.Test_scrie_ne -->
