<?xml version="1.0" encoding="UTF-8"?>
<!-- Generated by org.testng.reporters.JUnitReportReporter -->
<testsuite hostname="DESKTOP-JDGAKKE" failures="0" tests="1" name="taptastytestcont.FavoriteOrdersTest" time="7.124" errors="0" timestamp="2024-03-25T15:22:08 EET" skipped="0">
  <testcase classname="taptastytestcont.FavoriteOrdersTest" name="myCards" time="7.124"/>
</testsuite> <!-- taptastytestcont.FavoriteOrdersTest -->
