<?xml version="1.0" encoding="UTF-8"?>
<!-- Generated by org.testng.reporters.JUnitReportReporter -->
<testsuite hostname="DESKTOP-JDGAKKE" failures="0" tests="1" name="taptastytestmenu.AddProductToFavoriteTest" time="9.048" errors="0" timestamp="2024-03-18T16:29:06 EET" skipped="0">
  <testcase classname="taptastytestmenu.AddProductToFavoriteTest" name="addProductToFavorite" time="9.048"/>
</testsuite> <!-- taptastytestmenu.AddProductToFavoriteTest -->
