<?xml version="1.0" encoding="UTF-8"?>
<!-- Generated by org.testng.reporters.JUnitReportReporter -->
<testsuite hostname="DESKTOP-JDGAKKE" failures="0" tests="1" name="taptastytestmenu.DeleteProductFromFavoriteTest" time="10.688" errors="0" timestamp="2024-03-19T20:20:47 EET" skipped="0">
  <testcase classname="taptastytestmenu.DeleteProductFromFavoriteTest" name="deleteProductFromFavorite" time="10.688"/>
</testsuite> <!-- taptastytestmenu.DeleteProductFromFavoriteTest -->
