<?xml version="1.0" encoding="UTF-8"?>
<!-- Generated by org.testng.reporters.JUnitReportReporter -->
<testsuite hostname="DESKTOP-JDGAKKE" failures="0" tests="1" name="taptastytestcont.NotificationByEmailOnOffTest" time="6.592" errors="0" timestamp="2024-03-16T19:29:04 EET" skipped="0">
  <testcase classname="taptastytestcont.NotificationByEmailOnOffTest" name="notificationByEmail" time="6.592"/>
</testsuite> <!-- taptastytestcont.NotificationByEmailOnOffTest -->
