<?xml version="1.0" encoding="UTF-8"?>
<!-- Generated by org.testng.reporters.JUnitReportReporter -->
<testsuite hostname="DESKTOP-JDGAKKE" failures="0" tests="1" name="taptastytestcont.ChangeLanguageTest" time="19.392" errors="0" timestamp="2024-03-16T19:01:49 EET" skipped="0">
  <testcase classname="taptastytestcont.ChangeLanguageTest" name="changeLanguage" time="19.392"/>
</testsuite> <!-- taptastytestcont.ChangeLanguageTest -->
