<?xml version="1.0" encoding="UTF-8"?>
<!-- Generated by org.testng.reporters.JUnitReportReporter -->
<testsuite hostname="DESKTOP-JDGAKKE" failures="0" tests="1" name="taptastytestmenu.DeleteTipAfterAddedTipTest" time="13.346" errors="0" timestamp="2024-03-25T15:42:34 EET" skipped="0">
  <testcase classname="taptastytestmenu.DeleteTipAfterAddedTipTest" name="deleteTipOrder" time="13.346"/>
</testsuite> <!-- taptastytestmenu.DeleteTipAfterAddedTipTest -->
