<?xml version="1.0" encoding="UTF-8"?>
<!-- Generated by org.testng.reporters.JUnitReportReporter -->
<testsuite hostname="DESKTOP-JDGAKKE" failures="0" tests="1" name="taptastytestmenu.CompleteTheOrderTest" time="14.192" errors="0" timestamp="2024-03-18T16:39:33 EET" skipped="0">
  <testcase classname="taptastytestmenu.CompleteTheOrderTest" name="completeTheOrder" time="14.192"/>
</testsuite> <!-- taptastytestmenu.CompleteTheOrderTest -->
