<?xml version="1.0" encoding="UTF-8"?>
<!-- Generated by org.testng.reporters.JUnitReportReporter -->
<testsuite hostname="DESKTOP-JDGAKKE" failures="0" tests="1" name="taptastytestmenu.AddToCartProductsAndDeleteTwoTest" time="19.906" errors="0" timestamp="2024-03-22T16:34:55 EET" skipped="0">
  <testcase classname="taptastytestmenu.AddToCartProductsAndDeleteTwoTest" name="addProductToCartAndDeleteOne" time="19.906"/>
</testsuite> <!-- taptastytestmenu.AddToCartProductsAndDeleteTwoTest -->
