<?xml version="1.0" encoding="UTF-8"?>
<!-- Generated by org.testng.reporters.JUnitReportReporter -->
<testsuite hostname="DESKTOP-JDGAKKE" failures="0" tests="1" name="taptastytestfooter.ContactSectionTest" time="4.012" errors="0" timestamp="2024-03-27T16:34:05 EET" skipped="0">
  <testcase classname="taptastytestfooter.ContactSectionTest" name="contactSection" time="4.012"/>
</testsuite> <!-- taptastytestfooter.ContactSectionTest -->
