<?xml version="1.0" encoding="UTF-8"?>
<!-- Generated by org.testng.reporters.JUnitReportReporter -->
<testsuite hostname="DESKTOP-JDGAKKE" failures="0" tests="1" name="taptastytests.AddProductToFavoriteTest" time="10.761" errors="0" timestamp="2024-03-11T17:34:56 EET" skipped="0">
  <testcase classname="taptastytests.AddProductToFavoriteTest" name="addProductToFavorite" time="10.761"/>
</testsuite> <!-- taptastytests.AddProductToFavoriteTest -->
