<?xml version="1.0" encoding="UTF-8"?>
<!-- Generated by org.testng.reporters.JUnitReportReporter -->
<testsuite hostname="DESKTOP-JDGAKKE" failures="0" tests="1" name="taptastytests.FirstProductToCartTest" time="13.777" errors="0" timestamp="2024-03-11T16:24:43 EET" skipped="0">
  <testcase classname="taptastytests.FirstProductToCartTest" name="firstProductTest" time="13.777"/>
</testsuite> <!-- taptastytests.FirstProductToCartTest -->
