<?xml version="1.0" encoding="UTF-8"?>
<!-- Generated by org.testng.reporters.JUnitReportReporter -->
<testsuite hostname="DESKTOP-JDGAKKE" failures="0" tests="1" name="taptastytestcont.DisconnectTest" time="17.375" errors="0" timestamp="2024-03-16T19:32:04 EET" skipped="0">
  <testcase classname="taptastytestcont.DisconnectTest" name="disconnect" time="17.375"/>
</testsuite> <!-- taptastytestcont.DisconnectTest -->
