<?xml version="1.0" encoding="UTF-8"?>
<!-- Generated by org.testng.reporters.JUnitReportReporter -->
<testsuite hostname="DESKTOP-JDGAKKE" failures="0" tests="1" name="taptastytestcont.ChangePasswordTest" time="6.832" errors="0" timestamp="2024-03-16T18:48:47 EET" skipped="0">
  <testcase classname="taptastytestcont.ChangePasswordTest" name="changePassword" time="6.832"/>
</testsuite> <!-- taptastytestcont.ChangePasswordTest -->
