<?xml version="1.0" encoding="UTF-8"?>
<!-- Generated by org.testng.reporters.JUnitReportReporter -->
<testsuite hostname="DESKTOP-JDGAKKE" failures="0" tests="1" name="taptastytestmenu.CompleteTheOrderTest" time="15.991" errors="0" timestamp="2024-03-19T14:43:14 EET" skipped="0">
  <testcase classname="taptastytestmenu.CompleteTheOrderTest" name="completeTheOrder" time="15.991"/>
</testsuite> <!-- taptastytestmenu.CompleteTheOrderTest -->
