<?xml version="1.0" encoding="UTF-8"?>
<!-- Generated by org.testng.reporters.JUnitReportReporter -->
<testsuite hostname="DESKTOP-JDGAKKE" failures="0" tests="1" name="taptastytestmenu.FavoriteOrdersMenuTest" time="7.914" errors="0" timestamp="2024-03-19T19:34:00 EET" skipped="0">
  <testcase classname="taptastytestmenu.FavoriteOrdersMenuTest" name="favoriteOrdersMenu" time="7.914"/>
</testsuite> <!-- taptastytestmenu.FavoriteOrdersMenuTest -->
