<?xml version="1.0" encoding="UTF-8"?>
<!-- Generated by org.testng.reporters.JUnitReportReporter -->
<testsuite hostname="DESKTOP-JDGAKKE" failures="0" tests="1" name="taptastytestfooter.LinkToIOSAppTest" time="4.392" errors="0" timestamp="2024-03-27T15:58:42 EET" skipped="0">
  <testcase classname="taptastytestfooter.LinkToIOSAppTest" name="linkToIOSApp" time="4.392"/>
</testsuite> <!-- taptastytestfooter.LinkToIOSAppTest -->
