<?xml version="1.0" encoding="UTF-8"?>
<!-- Generated by org.testng.reporters.JUnitReportReporter -->
<testsuite hostname="DESKTOP-JDGAKKE" failures="0" tests="1" name="taptastytestcont.OrderHistoryTest" time="7.152" errors="0" timestamp="2024-03-14T19:30:37 EET" skipped="0">
  <testcase classname="taptastytestcont.OrderHistoryTest" name="orderHistory" time="7.152"/>
</testsuite> <!-- taptastytestcont.OrderHistoryTest -->
