<?xml version="1.0" encoding="UTF-8"?>
<!-- Generated by org.testng.reporters.JUnitReportReporter -->
<testsuite hostname="DESKTOP-JDGAKKE" failures="0" tests="1" name="taptastytestmenu.AddToCartProductsAndDeleteTwoTest" time="19.694" errors="0" timestamp="2024-03-22T16:42:39 EET" skipped="0">
  <testcase classname="taptastytestmenu.AddToCartProductsAndDeleteTwoTest" name="addToCartProductsAndDeleteTwo" time="19.694"/>
</testsuite> <!-- taptastytestmenu.AddToCartProductsAndDeleteTwoTest -->
