<?xml version="1.0" encoding="UTF-8"?>
<!-- Generated by org.testng.reporters.JUnitReportReporter -->
<testsuite hostname="DESKTOP-JDGAKKE" failures="0" tests="1" name="taptastytestcont.ChangePersonalInformationTest" time="8.417" errors="0" timestamp="2024-03-12T17:39:59 EET" skipped="0">
  <testcase classname="taptastytestcont.ChangePersonalInformationTest" name="changePersonalInformation" time="8.417"/>
</testsuite> <!-- taptastytestcont.ChangePersonalInformationTest -->
