<?xml version="1.0" encoding="UTF-8"?>
<!-- Generated by org.testng.reporters.JUnitReportReporter -->
<testsuite hostname="DESKTOP-JDGAKKE" failures="0" tests="1" name="taptastytestmenu.CheckThePriceBeforeOrderTest" time="11.823" errors="0" timestamp="2024-03-20T18:46:14 EET" skipped="0">
  <testcase classname="taptastytestmenu.CheckThePriceBeforeOrderTest" name="checkThePriceBeforeOrder" time="11.823"/>
</testsuite> <!-- taptastytestmenu.CheckThePriceBeforeOrderTest -->
