<?xml version="1.0" encoding="UTF-8"?>
<!-- Generated by org.testng.reporters.JUnitReportReporter -->
<testsuite hostname="DESKTOP-JDGAKKE" failures="0" tests="1" name="taptastytests.RegisterTest" time="6.399" errors="0" timestamp="2024-03-08T19:37:06 EET" skipped="0">
  <testcase classname="taptastytests.RegisterTest" name="registerTest" time="6.399"/>
</testsuite> <!-- taptastytests.RegisterTest -->
