<?xml version="1.0" encoding="UTF-8"?>
<!-- Generated by org.testng.reporters.JUnitReportReporter -->
<testsuite hostname="DESKTOP-JDGAKKE" failures="0" tests="1" name="taptastytests.DeleteProductFromFavoriteTest" time="11.834" errors="0" timestamp="2024-03-11T17:36:52 EET" skipped="0">
  <testcase classname="taptastytests.DeleteProductFromFavoriteTest" name="deleteProductFromFavorite" time="11.834"/>
</testsuite> <!-- taptastytests.DeleteProductFromFavoriteTest -->
