<?xml version="1.0" encoding="UTF-8"?>
<!-- Generated by org.testng.reporters.JUnitReportReporter -->
<testsuite hostname="TRANSLATR-V2" failures="0" tests="1" name="tests.TestLogin" time="11.117" errors="0" timestamp="2024-03-19T00:37:35 EET" skipped="0">
  <testcase classname="tests.TestLogin" name="login_email_and_password" time="11.117"/>
</testsuite> <!-- tests.TestLogin -->
