<?xml version="1.0" encoding="UTF-8"?>
<!-- Generated by org.testng.reporters.JUnitReportReporter -->
<testsuite hostname="TRANSLATR-V2" failures="0" tests="1" name="tests.Test_Adauga_Adresa" time="34.837" errors="0" timestamp="2024-03-19T20:17:33 EET" skipped="0">
  <testcase classname="tests.Test_Adauga_Adresa" name="fisa_test" time="34.837"/>
</testsuite> <!-- tests.Test_Adauga_Adresa -->
