<?xml version="1.0" encoding="UTF-8"?>
<!-- Generated by org.testng.reporters.JUnitReportReporter -->
<testsuite hostname="DESKTOP-JDGAKKE" failures="0" tests="1" name="taptastytestcont.MyCardsTest" time="7.343" errors="0" timestamp="2024-03-14T19:49:20 EET" skipped="0">
  <testcase classname="taptastytestcont.MyCardsTest" name="myCards" time="7.343"/>
</testsuite> <!-- taptastytestcont.MyCardsTest -->
