<?xml version="1.0" encoding="UTF-8"?>
<!-- Generated by org.testng.reporters.JUnitReportReporter -->
<testsuite hostname="DESKTOP-JDGAKKE" failures="0" tests="1" name="taptastytestmenu.AddToCartProductsAndDeleteTwoTest" time="20.107" errors="0" timestamp="2024-03-22T16:55:54 EET" skipped="0">
  <testcase classname="taptastytestmenu.AddToCartProductsAndDeleteTwoTest" name="addToCartProductsAndDeleteTwo" time="20.107"/>
</testsuite> <!-- taptastytestmenu.AddToCartProductsAndDeleteTwoTest -->
