<?xml version="1.0" encoding="UTF-8"?>
<!-- Generated by org.testng.reporters.JUnitReportReporter -->
<testsuite hostname="DESKTOP-JDGAKKE" failures="0" tests="1" name="taptastytests.RegisterTest" time="7.600" errors="0" timestamp="2024-03-08T20:00:18 EET" skipped="0">
  <testcase classname="taptastytests.RegisterTest" name="registerTest" time="7.600"/>
</testsuite> <!-- taptastytests.RegisterTest -->
