<?xml version="1.0" encoding="UTF-8"?>
<!-- Generated by org.testng.reporters.JUnitReportReporter -->
<testsuite hostname="TRANSLATR-V2" failures="0" tests="1" name="tests.Test_Descarca_datele_personale" time="19.662" errors="0" timestamp="2024-03-19T20:17:33 EET" skipped="0">
  <testcase classname="tests.Test_Descarca_datele_personale" name="login_email_and_password" time="19.662"/>
</testsuite> <!-- tests.Test_Descarca_datele_personale -->
