<?xml version="1.0" encoding="UTF-8"?>
<!-- Generated by org.testng.reporters.JUnitReportReporter -->
<testsuite hostname="DESKTOP-JDGAKKE" failures="0" tests="1" name="taptastytestcont.OrderHistoryTest" time="7.336" errors="0" timestamp="2024-03-25T15:22:27 EET" skipped="0">
  <testcase classname="taptastytestcont.OrderHistoryTest" name="orderHistory" time="7.336"/>
</testsuite> <!-- taptastytestcont.OrderHistoryTest -->
