<?xml version="1.0" encoding="UTF-8"?>
<!-- Generated by org.testng.reporters.JUnitReportReporter -->
<testsuite hostname="DESKTOP-JDGAKKE" failures="0" tests="1" name="taptastytestcont.DeleteAccountTest" time="8.222" errors="0" timestamp="2024-03-27T15:37:11 EET" skipped="0">
  <testcase classname="taptastytestcont.DeleteAccountTest" name="deleteAccount" time="8.222"/>
</testsuite> <!-- taptastytestcont.DeleteAccountTest -->
